[2025-09-13T08:55:51.384+0000] {local_task_job_runner.py:120} INFO - ::group::Pre task execution logs
[2025-09-13T08:55:51.398+0000] {taskinstance.py:2076} INFO - Dependencies all met for dep_context=non-requeueable deps ti=<TaskInstance: nasa_apod_postgress.create_postgrees_table manual__2025-09-13T08:55:48.847777+00:00 [queued]>
[2025-09-13T08:55:51.404+0000] {taskinstance.py:2076} INFO - Dependencies all met for dep_context=requeueable deps ti=<TaskInstance: nasa_apod_postgress.create_postgrees_table manual__2025-09-13T08:55:48.847777+00:00 [queued]>
[2025-09-13T08:55:51.405+0000] {taskinstance.py:2306} INFO - Starting attempt 1 of 1
[2025-09-13T08:55:51.449+0000] {taskinstance.py:2330} INFO - Executing <Task(_PythonDecoratedOperator): create_postgrees_table> on 2025-09-13 08:55:48.847777+00:00
[2025-09-13T08:55:51.452+0000] {standard_task_runner.py:63} INFO - Started process 95885 to run task
[2025-09-13T08:55:51.454+0000] {standard_task_runner.py:90} INFO - Running: ['airflow', 'tasks', 'run', 'nasa_apod_postgress', 'create_postgrees_table', 'manual__2025-09-13T08:55:48.847777+00:00', '--job-id', '12', '--raw', '--subdir', 'DAGS_FOLDER/etlpipeline.py', '--cfg-path', '/tmp/tmpyqq_vcng']
[2025-09-13T08:55:51.455+0000] {standard_task_runner.py:91} INFO - Job 12: Subtask create_postgrees_table
[2025-09-13T08:55:51.480+0000] {task_command.py:426} INFO - Running <TaskInstance: nasa_apod_postgress.create_postgrees_table manual__2025-09-13T08:55:48.847777+00:00 [running]> on host codespaces-4a882f
[2025-09-13T08:55:51.548+0000] {taskinstance.py:2648} INFO - Exporting env vars: AIRFLOW_CTX_DAG_OWNER='airflow' AIRFLOW_CTX_DAG_ID='nasa_apod_postgress' AIRFLOW_CTX_TASK_ID='create_postgrees_table' AIRFLOW_CTX_EXECUTION_DATE='2025-09-13T08:55:48.847777+00:00' AIRFLOW_CTX_TRY_NUMBER='1' AIRFLOW_CTX_DAG_RUN_ID='manual__2025-09-13T08:55:48.847777+00:00'
[2025-09-13T08:55:51.549+0000] {taskinstance.py:430} INFO - ::endgroup::
[2025-09-13T08:55:51.555+0000] {base.py:84} INFO - Using connection ID 'my_postgres_connection' for task execution.
[2025-09-13T08:55:51.655+0000] {sql.py:470} INFO - Running statement: 
        CREATE TABLE IF NOT EXISTS apod_data(
            id SERIAL PRIMARY KEY,
            title VARCHAR(255),
            explanation TEXT,
            url TEXT,
            date DATE,
            media_type VARCHAR(50)
        );
        , parameters: None
[2025-09-13T08:55:51.715+0000] {python.py:237} INFO - Done. Returned value was: None
[2025-09-13T08:55:51.716+0000] {taskinstance.py:441} INFO - ::group::Post task execution logs
[2025-09-13T08:55:51.721+0000] {taskinstance.py:1206} INFO - Marking task as SUCCESS. dag_id=nasa_apod_postgress, task_id=create_postgrees_table, run_id=manual__2025-09-13T08:55:48.847777+00:00, execution_date=20250913T085548, start_date=20250913T085551, end_date=20250913T085551
[2025-09-13T08:55:51.747+0000] {local_task_job_runner.py:240} INFO - Task exited with return code 0
[2025-09-13T08:55:51.763+0000] {logging_mixin.py:188} WARNING - /usr/local/python/3.12.1/lib/python3.12/site-packages/airflow/models/baseoperator.py:1296 AirflowProviderDeprecationWarning: Call to deprecated class SimpleHttpOperator. (Class `SimpleHttpOperator` is deprecated and will be removed in a future release. Please use `HttpOperator` instead.)
[2025-09-13T08:55:51.774+0000] {taskinstance.py:3498} INFO - 1 downstream tasks scheduled from follow-on schedule check
[2025-09-13T08:55:51.778+0000] {local_task_job_runner.py:222} INFO - ::endgroup::
