[2025-09-13T09:01:27.095+0000] {local_task_job_runner.py:120} INFO - ::group::Pre task execution logs
[2025-09-13T09:01:27.103+0000] {taskinstance.py:2076} INFO - Dependencies all met for dep_context=non-requeueable deps ti=<TaskInstance: nasa_apod_postgress.extract_data_apod manual__2025-09-13T09:01:22.246687+00:00 [queued]>
[2025-09-13T09:01:27.107+0000] {taskinstance.py:2076} INFO - Dependencies all met for dep_context=requeueable deps ti=<TaskInstance: nasa_apod_postgress.extract_data_apod manual__2025-09-13T09:01:22.246687+00:00 [queued]>
[2025-09-13T09:01:27.107+0000] {taskinstance.py:2306} INFO - Starting attempt 1 of 1
[2025-09-13T09:01:27.119+0000] {taskinstance.py:2330} INFO - Executing <Task(SimpleHttpOperator): extract_data_apod> on 2025-09-13 09:01:22.246687+00:00
[2025-09-13T09:01:27.122+0000] {standard_task_runner.py:63} INFO - Started process 99145 to run task
[2025-09-13T09:01:27.125+0000] {standard_task_runner.py:90} INFO - Running: ['airflow', 'tasks', 'run', 'nasa_apod_postgress', 'extract_data_apod', 'manual__2025-09-13T09:01:22.246687+00:00', '--job-id', '21', '--raw', '--subdir', 'DAGS_FOLDER/etlpipeline.py', '--cfg-path', '/tmp/tmp3eo0cgmu']
[2025-09-13T09:01:27.126+0000] {standard_task_runner.py:91} INFO - Job 21: Subtask extract_data_apod
[2025-09-13T09:01:27.152+0000] {task_command.py:426} INFO - Running <TaskInstance: nasa_apod_postgress.extract_data_apod manual__2025-09-13T09:01:22.246687+00:00 [running]> on host codespaces-4a882f
[2025-09-13T09:01:27.198+0000] {taskinstance.py:2648} INFO - Exporting env vars: AIRFLOW_CTX_DAG_OWNER='airflow' AIRFLOW_CTX_DAG_ID='nasa_apod_postgress' AIRFLOW_CTX_TASK_ID='extract_data_apod' AIRFLOW_CTX_EXECUTION_DATE='2025-09-13T09:01:22.246687+00:00' AIRFLOW_CTX_TRY_NUMBER='1' AIRFLOW_CTX_DAG_RUN_ID='manual__2025-09-13T09:01:22.246687+00:00'
[2025-09-13T09:01:27.198+0000] {taskinstance.py:430} INFO - ::endgroup::
[2025-09-13T09:01:27.198+0000] {http.py:169} INFO - Calling HTTP method
[2025-09-13T09:01:27.200+0000] {base.py:84} INFO - Using connection ID 'nasa_api' for task execution.
[2025-09-13T09:01:27.218+0000] {base.py:84} INFO - Using connection ID 'nasa_api' for task execution.
[2025-09-13T09:01:28.243+0000] {taskinstance.py:441} INFO - ::group::Post task execution logs
[2025-09-13T09:01:28.255+0000] {taskinstance.py:1206} INFO - Marking task as SUCCESS. dag_id=nasa_apod_postgress, task_id=extract_data_apod, run_id=manual__2025-09-13T09:01:22.246687+00:00, execution_date=20250913T090122, start_date=20250913T090127, end_date=20250913T090128
[2025-09-13T09:01:28.300+0000] {local_task_job_runner.py:240} INFO - Task exited with return code 0
[2025-09-13T09:01:28.308+0000] {logging_mixin.py:188} WARNING - /usr/local/python/3.12.1/lib/python3.12/site-packages/airflow/models/baseoperator.py:1296 AirflowProviderDeprecationWarning: Call to deprecated class SimpleHttpOperator. (Class `SimpleHttpOperator` is deprecated and will be removed in a future release. Please use `HttpOperator` instead.)
[2025-09-13T09:01:28.318+0000] {taskinstance.py:3498} INFO - 1 downstream tasks scheduled from follow-on schedule check
[2025-09-13T09:01:28.322+0000] {local_task_job_runner.py:222} INFO - ::endgroup::
