[2025-09-13T08:53:22.281+0000] {local_task_job_runner.py:120} INFO - ::group::Pre task execution logs
[2025-09-13T08:53:22.288+0000] {taskinstance.py:2076} INFO - Dependencies all met for dep_context=non-requeueable deps ti=<TaskInstance: nasa_apod_postgress.create_postgrees_table scheduled__2025-09-12T00:00:00+00:00 [queued]>
[2025-09-13T08:53:22.293+0000] {taskinstance.py:2076} INFO - Dependencies all met for dep_context=requeueable deps ti=<TaskInstance: nasa_apod_postgress.create_postgrees_table scheduled__2025-09-12T00:00:00+00:00 [queued]>
[2025-09-13T08:53:22.293+0000] {taskinstance.py:2306} INFO - Starting attempt 1 of 1
[2025-09-13T08:53:22.305+0000] {taskinstance.py:2330} INFO - Executing <Task(_PythonDecoratedOperator): create_postgrees_table> on 2025-09-12 00:00:00+00:00
[2025-09-13T08:53:22.308+0000] {standard_task_runner.py:63} INFO - Started process 94321 to run task
[2025-09-13T08:53:22.310+0000] {standard_task_runner.py:90} INFO - Running: ['airflow', 'tasks', 'run', 'nasa_apod_postgress', 'create_postgrees_table', 'scheduled__2025-09-12T00:00:00+00:00', '--job-id', '8', '--raw', '--subdir', 'DAGS_FOLDER/etlpipeline.py', '--cfg-path', '/tmp/tmpaplp8h2s']
[2025-09-13T08:53:22.311+0000] {standard_task_runner.py:91} INFO - Job 8: Subtask create_postgrees_table
[2025-09-13T08:53:22.341+0000] {task_command.py:426} INFO - Running <TaskInstance: nasa_apod_postgress.create_postgrees_table scheduled__2025-09-12T00:00:00+00:00 [running]> on host codespaces-4a882f
[2025-09-13T08:53:22.443+0000] {taskinstance.py:2648} INFO - Exporting env vars: AIRFLOW_CTX_DAG_OWNER='airflow' AIRFLOW_CTX_DAG_ID='nasa_apod_postgress' AIRFLOW_CTX_TASK_ID='create_postgrees_table' AIRFLOW_CTX_EXECUTION_DATE='2025-09-12T00:00:00+00:00' AIRFLOW_CTX_TRY_NUMBER='1' AIRFLOW_CTX_DAG_RUN_ID='scheduled__2025-09-12T00:00:00+00:00'
[2025-09-13T08:53:22.443+0000] {taskinstance.py:430} INFO - ::endgroup::
[2025-09-13T08:53:22.444+0000] {taskinstance.py:441} INFO - ::group::Post task execution logs
[2025-09-13T08:53:22.444+0000] {taskinstance.py:2905} ERROR - Task failed with exception
Traceback (most recent call last):
  File "/usr/local/python/3.12.1/lib/python3.12/site-packages/airflow/models/taskinstance.py", line 465, in _execute_task
    result = _execute_callable(context=context, **execute_callable_kwargs)
             ^^^^^^^^^^^^^^^^^^^^^^^^^^^^^^^^^^^^^^^^^^^^^^^^^^^^^^^^^^^^^
  File "/usr/local/python/3.12.1/lib/python3.12/site-packages/airflow/models/taskinstance.py", line 432, in _execute_callable
    return execute_callable(context=context, **execute_callable_kwargs)
           ^^^^^^^^^^^^^^^^^^^^^^^^^^^^^^^^^^^^^^^^^^^^^^^^^^^^^^^^^^^^
  File "/usr/local/python/3.12.1/lib/python3.12/site-packages/airflow/models/baseoperator.py", line 400, in wrapper
    return func(self, *args, **kwargs)
           ^^^^^^^^^^^^^^^^^^^^^^^^^^^
  File "/usr/local/python/3.12.1/lib/python3.12/site-packages/airflow/decorators/base.py", line 265, in execute
    return_value = super().execute(context)
                   ^^^^^^^^^^^^^^^^^^^^^^^^
  File "/usr/local/python/3.12.1/lib/python3.12/site-packages/airflow/models/baseoperator.py", line 400, in wrapper
    return func(self, *args, **kwargs)
           ^^^^^^^^^^^^^^^^^^^^^^^^^^^
  File "/usr/local/python/3.12.1/lib/python3.12/site-packages/airflow/operators/python.py", line 235, in execute
    return_value = self.execute_callable()
                   ^^^^^^^^^^^^^^^^^^^^^^^
  File "/usr/local/python/3.12.1/lib/python3.12/site-packages/airflow/operators/python.py", line 252, in execute_callable
    return self.python_callable(*self.op_args, **self.op_kwargs)
           ^^^^^^^^^^^^^^^^^^^^^^^^^^^^^^^^^^^^^^^^^^^^^^^^^^^^^
  File "/workspaces/automated-etl-with-airflow/.airflow/dags/etlpipeline.py", line 22, in create_postgrees_table
    postgree_hook = PostgreesHook(postgres_conn_id="my_postgres_connection")
                    ^^^^^^^^^^^^^
NameError: name 'PostgreesHook' is not defined. Did you mean: 'PostgresHook'?
[2025-09-13T08:53:22.449+0000] {taskinstance.py:1206} INFO - Marking task as FAILED. dag_id=nasa_apod_postgress, task_id=create_postgrees_table, run_id=scheduled__2025-09-12T00:00:00+00:00, execution_date=20250912T000000, start_date=20250913T085322, end_date=20250913T085322
[2025-09-13T08:53:22.458+0000] {standard_task_runner.py:110} ERROR - Failed to execute job 8 for task create_postgrees_table (name 'PostgreesHook' is not defined; 94321)
[2025-09-13T08:53:22.482+0000] {local_task_job_runner.py:240} INFO - Task exited with return code 1
[2025-09-13T08:53:22.499+0000] {logging_mixin.py:188} WARNING - /usr/local/python/3.12.1/lib/python3.12/site-packages/airflow/models/baseoperator.py:1296 AirflowProviderDeprecationWarning: Call to deprecated class SimpleHttpOperator. (Class `SimpleHttpOperator` is deprecated and will be removed in a future release. Please use `HttpOperator` instead.)
[2025-09-13T08:53:22.523+0000] {taskinstance.py:3498} INFO - 0 downstream tasks scheduled from follow-on schedule check
[2025-09-13T08:53:22.531+0000] {local_task_job_runner.py:222} INFO - ::endgroup::
