[2025-09-13T10:32:45.878+0000] {local_task_job_runner.py:120} INFO - ::group::Pre task execution logs
[2025-09-13T10:32:45.888+0000] {taskinstance.py:2076} INFO - Dependencies all met for dep_context=non-requeueable deps ti=<TaskInstance: nasa_apod_postgress.load_data_to_postgresql manual__2025-09-13T10:32:36.335743+00:00 [queued]>
[2025-09-13T10:32:45.896+0000] {taskinstance.py:2076} INFO - Dependencies all met for dep_context=requeueable deps ti=<TaskInstance: nasa_apod_postgress.load_data_to_postgresql manual__2025-09-13T10:32:36.335743+00:00 [queued]>
[2025-09-13T10:32:45.897+0000] {taskinstance.py:2306} INFO - Starting attempt 1 of 1
[2025-09-13T10:32:45.913+0000] {taskinstance.py:2330} INFO - Executing <Task(_PythonDecoratedOperator): load_data_to_postgresql> on 2025-09-13 10:32:36.335743+00:00
[2025-09-13T10:32:45.917+0000] {standard_task_runner.py:63} INFO - Started process 142569 to run task
[2025-09-13T10:32:45.920+0000] {standard_task_runner.py:90} INFO - Running: ['airflow', 'tasks', 'run', 'nasa_apod_postgress', 'load_data_to_postgresql', 'manual__2025-09-13T10:32:36.335743+00:00', '--job-id', '35', '--raw', '--subdir', 'DAGS_FOLDER/etlpipeline.py', '--cfg-path', '/tmp/tmpvyl6n5cj']
[2025-09-13T10:32:45.921+0000] {standard_task_runner.py:91} INFO - Job 35: Subtask load_data_to_postgresql
[2025-09-13T10:32:45.950+0000] {task_command.py:426} INFO - Running <TaskInstance: nasa_apod_postgress.load_data_to_postgresql manual__2025-09-13T10:32:36.335743+00:00 [running]> on host codespaces-4a882f
[2025-09-13T10:32:46.001+0000] {taskinstance.py:2648} INFO - Exporting env vars: AIRFLOW_CTX_DAG_OWNER='airflow' AIRFLOW_CTX_DAG_ID='nasa_apod_postgress' AIRFLOW_CTX_TASK_ID='load_data_to_postgresql' AIRFLOW_CTX_EXECUTION_DATE='2025-09-13T10:32:36.335743+00:00' AIRFLOW_CTX_TRY_NUMBER='1' AIRFLOW_CTX_DAG_RUN_ID='manual__2025-09-13T10:32:36.335743+00:00'
[2025-09-13T10:32:46.001+0000] {taskinstance.py:430} INFO - ::endgroup::
[2025-09-13T10:32:46.005+0000] {base.py:84} INFO - Using connection ID 'my_postgres_connection' for task execution.
[2025-09-13T10:32:46.008+0000] {sql.py:470} INFO - Running statement: 
        INSERT INTO apod_data(title, explanation, url, date, media_type)
        VALUES (%s, %s, %s, %s, %s)
        , parameters: ('Star Trails over One-Mile Radio Telescope', "The steerable 60 foot diameter dish antenna of the One-Mile Telescope at Mullard Radio Astronomy Observatory, Cambridge, UK, is pointing skyward in this evocative night-skyscape. To capture the dramatic scene, consecutive 30 second exposures were recorded over a period of 90 minutes. Combined, the exposures reveal a background of gracefully arcing star trails that reflect planet Earth's daily rotation on its axis. The North Celestial Pole, the extension of Earth's axis of rotation into space, points near Polaris, the North Star. That's the bright star that creates the short trail near the center of the concentric arcs. But the historic One-Mile Telescope array also relied on planet Earth's rotation to operate. Exploring the universe at radio wavelengths, it was the first radio telescope to use Earth-rotation aperture synthesis. That technique uses the rotation of the Earth to change the relative orientation of the telescope array and celestial radio sources to create radio maps of the sky at a resolution better than that of the human eye.", 'https://apod.nasa.gov/apod/image/2509/StarTrailsOne-MileRadioTelescope1050.jpg', '2025-09-13', 'image')
[2025-09-13T10:32:46.009+0000] {sql.py:479} INFO - Rows affected: 1
[2025-09-13T10:32:46.010+0000] {logging_mixin.py:188} INFO - Inserting row with date: 2025-09-13 (type: <class 'str'>)
[2025-09-13T10:32:46.010+0000] {python.py:237} INFO - Done. Returned value was: None
[2025-09-13T10:32:46.011+0000] {taskinstance.py:441} INFO - ::group::Post task execution logs
[2025-09-13T10:32:46.014+0000] {taskinstance.py:1206} INFO - Marking task as SUCCESS. dag_id=nasa_apod_postgress, task_id=load_data_to_postgresql, run_id=manual__2025-09-13T10:32:36.335743+00:00, execution_date=20250913T103236, start_date=20250913T103245, end_date=20250913T103246
[2025-09-13T10:32:46.053+0000] {local_task_job_runner.py:240} INFO - Task exited with return code 0
[2025-09-13T10:32:46.065+0000] {taskinstance.py:3498} INFO - 0 downstream tasks scheduled from follow-on schedule check
[2025-09-13T10:32:46.066+0000] {local_task_job_runner.py:222} INFO - ::endgroup::
